TN:
SF:script/Common.s.sol
FN:17,CommonScript.toHexString
FNDA:0,CommonScript.toHexString
DA:18,0
DA:18,0
DA:19,0
DA:19,0
DA:19,0
DA:20,0
DA:20,0
DA:21,0
DA:21,0
DA:22,0
DA:22,0
DA:22,0
DA:22,0
DA:22,0
DA:22,0
DA:23,0
DA:23,0
DA:24,0
DA:24,0
DA:26,0
DA:26,0
DA:26,0
FN:33,CommonScript.toHexString
FNDA:0,CommonScript.toHexString
DA:34,0
DA:34,0
DA:34,0
FN:37,CommonScript.getILOManagerDeploymentAddress
FNDA:0,CommonScript.getILOManagerDeploymentAddress
DA:38,0
DA:38,0
DA:38,0
FN:49,CommonScript.getILOPoolDeploymentAddress
FNDA:0,CommonScript.getILOPoolDeploymentAddress
DA:50,0
DA:50,0
DA:50,0
FNF:4
FNH:0
LF:11
LH:0
BRF:0
BRH:0
end_of_record
TN:
SF:script/ILOManager.s.sol
FN:7,ILOManagerScript.run
FNDA:0,ILOManagerScript.run
DA:8,0
DA:8,0
DA:8,0
DA:9,0
DA:9,0
DA:11,0
DA:11,0
DA:11,0
DA:15,0
DA:15,0
FNF:1
FNH:0
LF:4
LH:0
BRF:0
BRH:0
end_of_record
TN:
SF:script/ILOPool.s.sol
FN:7,ILOPoolScript.run
FNDA:0,ILOPoolScript.run
DA:8,0
DA:8,0
DA:8,0
DA:9,0
DA:9,0
DA:11,0
DA:11,0
DA:11,0
DA:15,0
DA:15,0
FNF:1
FNH:0
LF:4
LH:0
BRF:0
BRH:0
end_of_record
TN:
SF:script/Init.s.sol
FN:8,ILOManagerInitializeScript.run
FNDA:0,ILOManagerInitializeScript.run
DA:9,0
DA:9,0
DA:9,0
DA:10,0
DA:10,0
DA:10,0
DA:12,0
DA:12,0
DA:12,0
DA:13,0
DA:13,0
DA:13,0
DA:14,0
DA:14,0
DA:14,0
DA:15,0
DA:15,0
DA:15,0
DA:17,0
DA:17,0
DA:18,0
DA:18,0
DA:18,0
DA:19,0
DA:19,0
DA:21,0
DA:21,0
FNF:1
FNH:0
LF:10
LH:0
BRF:0
BRH:0
end_of_record
TN:
SF:script/Verify.s.sol
FN:22,VerifyILOPoolScript.run
FNDA:0,VerifyILOPoolScript.run
DA:23,0
DA:23,0
DA:23,0
DA:24,0
DA:24,0
DA:25,0
DA:25,0
DA:26,0
DA:26,0
FN:7,VerifyILOManagerScript.run
FNDA:0,VerifyILOManagerScript.run
DA:8,0
DA:8,0
DA:8,0
DA:9,0
DA:9,0
DA:10,0
DA:10,0
DA:11,0
DA:11,0
FNF:2
FNH:0
LF:8
LH:0
BRF:0
BRH:0
end_of_record
TN:
SF:src/ILOManager.sol
FN:33,ILOManager.initialize
FNDA:28,ILOManager.initialize
DA:42,28
DA:42,28
DA:43,28
DA:43,28
DA:44,28
DA:44,28
DA:45,28
DA:45,28
DA:46,28
DA:46,28
DA:47,28
DA:47,28
DA:48,28
DA:48,28
FN:57,ILOManager.initProject
FNDA:28,ILOManager.initProject
DA:58,28
DA:58,28
DA:59,28
DA:59,28
DA:59,28
DA:61,28
DA:61,28
DA:61,28
DA:62,28
DA:62,28
DA:64,28
DA:64,28
DA:65,28
DA:65,28
FN:68,ILOManager.project
FNDA:48,ILOManager.project
DA:69,48
DA:69,48
FN:73,ILOManager.initILOPool
FNDA:27,ILOManager.initILOPool
DA:74,26
DA:74,26
BRDA:74,0,0,-
BRDA:74,0,1,26
DA:77,26
DA:77,26
DA:78,26
DA:78,26
BRDA:78,1,0,-
BRDA:78,1,1,26
DA:79,26
DA:79,26
BRDA:79,2,0,2
BRDA:79,2,1,24
DA:80,24
DA:80,24
DA:82,21
DA:82,21
DA:82,21
DA:87,21
DA:87,21
DA:88,21
DA:88,21
DA:89,21
DA:89,21
DA:90,21
DA:90,21
FN:93,ILOManager._initUniV3PoolIfNecessary
FNDA:28,ILOManager._initUniV3PoolIfNecessary
DA:94,28
DA:94,28
DA:95,28
DA:95,28
DA:95,28
BRDA:95,3,0,-
BRDA:95,3,1,28
DA:96,28
DA:96,28
DA:97,28
DA:97,28
DA:99,0
DA:99,0
DA:99,0
DA:100,0
DA:100,0
BRDA:100,4,0,-
BRDA:100,4,1,-
DA:101,0
DA:101,0
DA:102,0
DA:102,0
BRDA:102,5,0,-
BRDA:102,5,1,-
DA:103,0
DA:103,0
FN:108,ILOManager._cacheProject
FNDA:28,ILOManager._cacheProject
DA:119,28
DA:119,28
DA:120,28
DA:120,28
BRDA:120,6,0,-
BRDA:120,6,1,28
DA:122,28
DA:122,28
DA:123,28
DA:123,28
DA:123,112
DA:123,84
DA:124,84
DA:124,84
DA:127,28
DA:127,28
DA:128,28
DA:128,28
DA:129,28
DA:129,28
DA:130,28
DA:130,28
DA:131,28
DA:131,28
DA:132,28
DA:132,28
DA:133,28
DA:133,28
DA:134,28
DA:134,28
DA:135,28
DA:135,28
DA:136,28
DA:136,28
DA:137,28
DA:137,28
DA:138,28
DA:138,28
FN:141,ILOManager._validateSharesAndVests
FNDA:28,ILOManager._validateSharesAndVests
DA:142,28
DA:142,28
BRDA:142,7,0,-
BRDA:142,7,1,28
DA:143,28
DA:143,28
DA:144,28
DA:144,28
DA:145,28
DA:145,28
DA:145,112
DA:145,84
DA:147,84
DA:147,84
BRDA:147,8,0,-
BRDA:147,8,1,84
DA:148,84
DA:148,84
DA:149,84
DA:149,84
DA:152,28
DA:152,28
BRDA:152,9,0,-
BRDA:152,9,1,28
FN:155,ILOManager._validateVestSchedule
FNDA:108,ILOManager._validateVestSchedule
DA:156,108
DA:156,108
BRDA:156,10,0,-
BRDA:156,10,1,108
DA:157,108
DA:157,108
BRDA:157,11,0,1
BRDA:157,11,1,107
DA:158,107
DA:158,107
DA:159,107
DA:159,107
DA:160,107
DA:160,107
DA:161,107
DA:161,107
DA:161,320
DA:161,213
DA:163,214
DA:163,214
BRDA:163,12,0,1
BRDA:163,12,1,213
DA:164,213
DA:164,213
DA:166,213
DA:166,213
BRDA:166,13,0,-
BRDA:166,13,1,213
DA:167,213
DA:167,213
DA:170,106
DA:170,106
BRDA:170,14,0,1
BRDA:170,14,1,105
FN:174,ILOManager.setPlatformFee
FNDA:1,ILOManager.setPlatformFee
DA:175,1
DA:175,1
FN:179,ILOManager.setPerformanceFee
FNDA:2,ILOManager.setPerformanceFee
DA:180,2
DA:180,2
FN:184,ILOManager.setFeeTaker
FNDA:0,ILOManager.setFeeTaker
DA:185,0
DA:185,0
FN:188,ILOManager.feeTaker
FNDA:1,ILOManager.feeTaker
DA:189,1
DA:189,1
FN:192,ILOManager.setILOPoolImplementation
FNDA:1,ILOManager.setILOPoolImplementation
DA:193,1
DA:193,1
DA:194,1
DA:194,1
FN:197,ILOManager.transferAdminProject
FNDA:0,ILOManager.transferAdminProject
DA:198,0
DA:198,0
DA:199,0
DA:199,0
DA:200,0
DA:200,0
FN:203,ILOManager.setDefaultDeadlineOffset
FNDA:0,ILOManager.setDefaultDeadlineOffset
DA:204,0
DA:204,0
DA:205,0
DA:205,0
FN:208,ILOManager.setRefundDeadlineForProject
FNDA:0,ILOManager.setRefundDeadlineForProject
DA:209,0
DA:209,0
DA:210,0
DA:210,0
DA:211,0
DA:211,0
FN:215,ILOManager.launch
FNDA:2,ILOManager.launch
DA:216,2
DA:216,2
BRDA:216,15,0,1
BRDA:216,15,1,1
DA:217,1
DA:217,1
DA:218,1
DA:218,1
BRDA:218,16,0,-
BRDA:218,16,1,1
DA:219,1
DA:219,1
DA:219,1
DA:219,0
DA:220,1
DA:220,1
DA:223,0
DA:223,0
FN:227,ILOManager.claimRefund
FNDA:0,ILOManager.claimRefund
DA:228,0
DA:228,0
BRDA:228,17,0,-
BRDA:228,17,1,-
DA:229,0
DA:229,0
DA:230,0
DA:230,0
DA:230,0
DA:230,0
DA:231,0
DA:231,0
FNF:18
FNH:13
LF:93
LH:74
BRF:36
BRH:20
end_of_record
TN:
SF:src/ILOPool.sol
FN:55,ILOPool.name
FNDA:1,ILOPool.name
DA:56,1
DA:56,1
FN:59,ILOPool.symbol
FNDA:1,ILOPool.symbol
DA:60,1
DA:60,1
FN:63,ILOPool.initialize
FNDA:21,ILOPool.initialize
DA:64,21
DA:64,21
DA:66,21
DA:66,21
DA:67,21
DA:67,21
DA:67,21
DA:69,21
DA:69,21
DA:70,21
DA:70,21
DA:71,21
DA:71,21
DA:72,21
DA:72,21
DA:73,21
DA:73,21
DA:74,21
DA:74,21
DA:75,21
DA:75,21
DA:76,21
DA:76,21
DA:77,21
DA:77,21
DA:78,21
DA:78,21
DA:80,21
DA:80,21
DA:81,21
DA:81,21
DA:82,21
DA:82,21
DA:85,21
DA:85,21
DA:96,21
DA:96,21
DA:97,21
DA:97,21
DA:97,63
DA:97,42
DA:98,42
DA:98,42
DA:101,21
DA:101,21
FN:114,ILOPool.positions
FNDA:1,ILOPool.positions
DA:125,1
DA:125,1
FN:134,ILOPool.buy
FNDA:18,ILOPool.buy
DA:146,13
DA:146,13
BRDA:146,0,0,-
BRDA:146,0,1,13
DA:147,13
DA:147,13
DA:149,13
DA:149,13
BRDA:149,1,0,-
BRDA:149,1,1,13
DA:153,13
DA:153,13
DA:153,13
BRDA:153,2,0,11
BRDA:153,2,1,2
DA:154,11
DA:154,11
DA:155,11
DA:155,11
DA:157,2
DA:157,2
DA:160,13
DA:160,13
DA:161,13
DA:161,13
BRDA:161,3,0,-
BRDA:161,3,1,13
DA:162,13
DA:162,13
DA:165,13
DA:165,13
BRDA:165,4,0,13
BRDA:165,4,1,-
DA:166,13
DA:166,13
DA:168,0
DA:168,0
DA:171,13
DA:171,13
BRDA:171,5,0,-
BRDA:171,5,1,13
DA:174,13
DA:174,13
DA:177,13
DA:177,13
DA:178,13
DA:178,13
DA:186,13
DA:186,13
DA:189,13
DA:189,13
DA:191,13
DA:191,13
FN:200,ILOPool.claim
FNDA:1,ILOPool.claim
DA:208,1
DA:208,1
BRDA:208,6,0,-
BRDA:208,6,1,1
DA:211,1
DA:211,1
DA:211,1
DA:212,1
DA:212,1
DA:212,1
DA:213,1
DA:213,1
DA:215,1
DA:215,1
DA:216,1
DA:216,1
BRDA:216,7,0,-
BRDA:216,7,1,1
DA:219,1
DA:219,1
DA:222,1
DA:222,1
DA:224,1
DA:224,1
DA:224,1
DA:227,1
DA:227,1
DA:227,1
DA:228,1
DA:228,1
DA:228,1
DA:234,1
DA:234,1
DA:234,1
DA:241,1
DA:241,1
DA:244,1
DA:244,1
DA:245,1
DA:245,1
DA:247,1
DA:247,1
DA:248,1
DA:248,1
DA:251,1
DA:251,1
DA:252,1
DA:252,1
DA:256,1
DA:256,1
DA:256,1
DA:263,1
DA:263,1
DA:266,1
DA:266,1
DA:267,1
DA:267,1
DA:269,1
DA:269,1
DA:271,1
DA:271,1
DA:271,1
DA:273,1
DA:273,1
DA:274,1
DA:274,1
FN:283,ILOPool.launch
FNDA:7,ILOPool.launch
DA:284,6
DA:284,6
BRDA:284,8,0,-
BRDA:284,8,1,6
DA:286,6
DA:286,6
BRDA:286,9,0,1
BRDA:286,9,1,5
DA:288,5
DA:288,5
BRDA:288,10,0,3
BRDA:288,10,1,2
DA:289,2
DA:289,2
DA:290,2
DA:290,2
DA:292,2
DA:292,2
DA:293,2
DA:293,2
DA:294,2
DA:294,2
DA:295,2
DA:295,2
DA:296,2
DA:296,2
DA:299,2
DA:299,2
BRDA:299,11,0,2
BRDA:299,11,1,-
DA:300,2
DA:300,2
DA:301,2
DA:301,2
DA:302,2
DA:302,2
DA:304,0
DA:304,0
DA:305,0
DA:305,0
DA:306,0
DA:306,0
DA:310,2
DA:310,2
DA:318,2
DA:318,2
DA:321,2
DA:321,2
DA:321,2
DA:324,2
DA:324,2
DA:325,2
DA:325,2
DA:325,8
DA:325,6
DA:326,6
DA:326,6
DA:327,6
DA:327,6
DA:329,6
DA:329,6
DA:330,6
DA:330,6
DA:330,6
DA:332,6
DA:332,6
DA:333,6
DA:333,6
DA:334,6
DA:334,6
DA:337,6
DA:337,6
DA:338,6
DA:338,6
DA:338,18
DA:338,12
DA:339,12
DA:339,12
DA:342,6
DA:342,6
DA:346,2
DA:346,2
DA:348,2
DA:348,2
FN:364,ILOPool.claimRefund
FNDA:6,ILOPool.claimRefund
DA:365,3
DA:365,3
DA:366,3
DA:366,3
DA:366,3
DA:368,3
DA:368,3
DA:369,3
DA:369,3
DA:370,3
DA:370,3
DA:372,3
DA:372,3
DA:373,3
DA:373,3
FN:377,ILOPool.claimProjectRefund
FNDA:0,ILOPool.claimProjectRefund
DA:378,0
DA:378,0
DA:378,0
FN:381,ILOPool._refundProject
FNDA:2,ILOPool._refundProject
DA:382,2
DA:382,2
DA:383,2
DA:383,2
BRDA:383,12,0,2
BRDA:383,12,1,2
DA:384,2
DA:384,2
DA:385,2
DA:385,2
FN:390,ILOPool.totalSold
FNDA:2,ILOPool.totalSold
DA:391,2
DA:391,2
DA:391,2
FN:396,ILOPool._saleAmountNeeded
FNDA:38,ILOPool._saleAmountNeeded
DA:397,38
DA:397,38
BRDA:397,13,0,-
BRDA:397,13,1,38
DA:397,0
DA:399,38
DA:399,38
BRDA:399,14,0,-
BRDA:399,14,1,38
DA:401,0
DA:401,0
DA:401,0
DA:402,0
DA:402,0
DA:404,38
DA:404,38
DA:404,38
DA:405,38
DA:405,38
FN:410,ILOPool._unlockedLiquidity
FNDA:5,ILOPool._unlockedLiquidity
DA:411,5
DA:411,5
DA:412,5
DA:412,5
DA:413,5
DA:413,5
DA:415,5
DA:415,5
DA:415,12
DA:415,7
DA:417,10
DA:417,10
DA:420,10
DA:420,10
BRDA:420,15,0,3
BRDA:420,15,1,7
DA:421,3
DA:421,3
DA:427,7
DA:427,7
BRDA:427,16,0,2
BRDA:427,16,1,5
DA:428,2
DA:428,2
DA:434,5
DA:434,5
FN:448,ILOPool._deductFees
FNDA:2,ILOPool._deductFees
DA:453,2
DA:453,2
DA:454,2
DA:454,2
FN:458,ILOPool.unlockedLiquidity
FNDA:2,ILOPool.unlockedLiquidity
DA:459,2
DA:459,2
DA:459,2
FN:463,ILOPool.claimableLiquidity
FNDA:2,ILOPool.claimableLiquidity
DA:464,2
DA:464,2
DA:464,2
FN:468,ILOPool.claimedLiquidity
FNDA:2,ILOPool.claimedLiquidity
DA:469,2
DA:469,2
DA:469,2
FN:473,ILOPool._claimableLiquidity
FNDA:3,ILOPool._claimableLiquidity
DA:474,3
DA:474,3
DA:474,3
DA:475,3
DA:475,3
DA:475,3
DA:476,3
DA:476,3
DA:476,3
FNF:18
FNH:17
LF:143
LH:136
BRF:34
BRH:23
end_of_record
TN:
SF:src/base/ILOWhitelist.sol
FN:12,ILOWhitelist.setOpenToAll
FNDA:1,ILOWhitelist.setOpenToAll
DA:13,1
DA:13,1
FN:17,ILOWhitelist.isOpenToAll
FNDA:1,ILOWhitelist.isOpenToAll
DA:18,1
DA:18,1
FN:22,ILOWhitelist.isWhitelisted
FNDA:8,ILOWhitelist.isWhitelisted
DA:23,8
DA:23,8
DA:23,8
DA:23,8
FN:27,ILOWhitelist.setWhitelist
FNDA:16,ILOWhitelist.setWhitelist
DA:28,15
DA:28,15
FN:32,ILOWhitelist.removeWhitelist
FNDA:2,ILOWhitelist.removeWhitelist
DA:33,2
DA:33,2
FN:37,ILOWhitelist.batchWhitelist
FNDA:1,ILOWhitelist.batchWhitelist
DA:38,1
DA:38,1
DA:38,4
DA:38,3
DA:39,3
DA:39,3
FN:44,ILOWhitelist.batchRemoveWhitelist
FNDA:1,ILOWhitelist.batchRemoveWhitelist
DA:45,1
DA:45,1
DA:45,4
DA:45,3
DA:46,3
DA:46,3
FN:52,ILOWhitelist._setOpenToAll
FNDA:1,ILOWhitelist._setOpenToAll
DA:53,1
DA:53,1
DA:54,1
DA:54,1
FN:57,ILOWhitelist._removeWhitelist
FNDA:5,ILOWhitelist._removeWhitelist
DA:58,5
DA:58,5
DA:59,5
DA:59,5
FN:62,ILOWhitelist._setWhitelist
FNDA:18,ILOWhitelist._setWhitelist
DA:63,18
DA:63,18
DA:64,18
DA:64,18
FNF:10
FNH:10
LF:15
LH:15
BRF:0
BRH:0
end_of_record
TN:
SF:src/base/Initializable.sol
FN:7,Initializable._disableInitialize
FNDA:0,Initializable._disableInitialize
DA:8,0
DA:8,0
FNF:1
FNH:0
LF:1
LH:0
BRF:0
BRH:0
end_of_record
TN:
SF:src/base/LiquidityManagement.sol
FN:21,LiquidityManagement.uniswapV3MintCallback
FNDA:2,LiquidityManagement.uniswapV3MintCallback
DA:26,2
DA:26,2
BRDA:26,0,0,-
BRDA:26,0,1,2
DA:28,2
DA:28,2
BRDA:28,1,0,2
BRDA:28,1,1,2
DA:28,2
DA:29,2
DA:29,2
BRDA:29,2,0,2
BRDA:29,2,1,2
DA:29,2
FN:41,LiquidityManagement.addLiquidity
FNDA:2,LiquidityManagement.addLiquidity
DA:51,2
DA:51,2
DA:60,2
DA:60,2
DA:68,2
DA:68,2
BRDA:68,3,0,-
BRDA:68,3,1,2
FNF:2
FNH:2
LF:6
LH:6
BRF:8
BRH:6
end_of_record
TN:
SF:src/base/Multicall.sol
FN:11,Multicall.multicall
FNDA:0,Multicall.multicall
DA:12,0
DA:12,0
DA:13,0
DA:13,0
DA:13,0
DA:13,0
DA:14,0
DA:14,0
DA:14,0
DA:16,0
DA:16,0
BRDA:16,0,0,-
BRDA:16,0,1,-
DA:18,0
DA:18,0
BRDA:18,1,0,-
BRDA:18,1,1,-
DA:18,0
DA:20,0
DA:20,0
DA:22,0
DA:22,0
DA:25,0
DA:25,0
FNF:1
FNH:0
LF:8
LH:0
BRF:4
BRH:0
end_of_record
TN:
SF:src/base/PeripheryPayments.sol
FN:19,PeripheryPayments.unwrapWETH9
FNDA:0,PeripheryPayments.unwrapWETH9
DA:20,0
DA:20,0
DA:20,0
DA:21,0
DA:21,0
BRDA:21,0,0,-
BRDA:21,0,1,-
DA:23,0
DA:23,0
BRDA:23,1,0,-
BRDA:23,1,1,-
DA:24,0
DA:24,0
DA:25,0
DA:25,0
FN:30,PeripheryPayments.sweepToken
FNDA:0,PeripheryPayments.sweepToken
DA:35,0
DA:35,0
DA:35,0
DA:36,0
DA:36,0
BRDA:36,2,0,-
BRDA:36,2,1,-
DA:38,0
DA:38,0
BRDA:38,3,0,-
BRDA:38,3,1,-
DA:39,0
DA:39,0
FN:44,PeripheryPayments.refundETH
FNDA:0,PeripheryPayments.refundETH
DA:45,0
DA:45,0
BRDA:45,4,0,-
BRDA:45,4,1,-
DA:45,0
FN:52,PeripheryPayments.pay
FNDA:4,PeripheryPayments.pay
DA:58,4
DA:58,4
DA:58,4
DA:58,0
BRDA:58,5,0,-
BRDA:58,5,1,-
DA:60,0
DA:60,0
DA:61,0
DA:61,0
DA:62,4
DA:62,4
DA:62,4
BRDA:62,6,0,4
BRDA:62,6,1,-
DA:64,4
DA:64,4
DA:67,0
DA:67,0
FNF:4
FNH:1
LF:16
LH:3
BRF:14
BRH:1
end_of_record
TN:
SF:src/base/PeripheryPaymentsWithFee.sol
FN:17,PeripheryPaymentsWithFee.unwrapWETH9WithFee
FNDA:0,PeripheryPaymentsWithFee.unwrapWETH9WithFee
DA:23,0
DA:23,0
BRDA:23,0,0,-
BRDA:23,0,1,-
DA:25,0
DA:25,0
DA:25,0
DA:26,0
DA:26,0
BRDA:26,1,0,-
BRDA:26,1,1,-
DA:28,0
DA:28,0
BRDA:28,2,0,-
BRDA:28,2,1,-
DA:29,0
DA:29,0
DA:30,0
DA:30,0
DA:30,0
DA:30,0
DA:31,0
DA:31,0
BRDA:31,3,0,-
BRDA:31,3,1,-
DA:31,0
DA:32,0
DA:32,0
FN:37,PeripheryPaymentsWithFee.sweepTokenWithFee
FNDA:0,PeripheryPaymentsWithFee.sweepTokenWithFee
DA:44,0
DA:44,0
BRDA:44,4,0,-
BRDA:44,4,1,-
DA:46,0
DA:46,0
DA:46,0
DA:47,0
DA:47,0
BRDA:47,5,0,-
BRDA:47,5,1,-
DA:49,0
DA:49,0
BRDA:49,6,0,-
BRDA:49,6,1,-
DA:50,0
DA:50,0
DA:50,0
DA:50,0
DA:51,0
DA:51,0
BRDA:51,7,0,-
BRDA:51,7,1,-
DA:51,0
DA:52,0
DA:52,0
FNF:2
FNH:0
LF:15
LH:0
BRF:16
BRH:0
end_of_record
TN:
SF:src/libraries/ChainId.sol
FN:8,ChainId.get
FNDA:21,ChainId.get
DA:10,21
DA:10,21
FNF:1
FNH:1
LF:1
LH:1
BRF:0
BRH:0
end_of_record
TN:
SF:src/libraries/LiquidityAmounts.sol
FN:14,LiquidityAmounts.toUint128
FNDA:55,LiquidityAmounts.toUint128
DA:15,55
DA:15,55
BRDA:15,0,0,-
BRDA:15,0,1,55
FN:24,LiquidityAmounts.getLiquidityForAmount0
FNDA:53,LiquidityAmounts.getLiquidityForAmount0
DA:29,53
DA:29,53
BRDA:29,1,0,-
BRDA:29,1,1,53
DA:29,0
DA:30,53
DA:30,53
DA:30,53
DA:31,53
DA:31,53
DA:31,53
FN:40,LiquidityAmounts.getLiquidityForAmount1
FNDA:2,LiquidityAmounts.getLiquidityForAmount1
DA:45,2
DA:45,2
BRDA:45,2,0,-
BRDA:45,2,1,2
DA:45,0
DA:46,2
DA:46,2
DA:46,2
FN:57,LiquidityAmounts.getLiquidityForAmounts
FNDA:2,LiquidityAmounts.getLiquidityForAmounts
DA:64,2
DA:64,2
BRDA:64,3,0,-
BRDA:64,3,1,2
DA:64,0
DA:66,2
DA:66,2
BRDA:66,4,0,-
BRDA:66,4,1,2
DA:67,0
DA:67,0
DA:68,2
DA:68,2
BRDA:68,5,0,2
BRDA:68,5,1,-
DA:69,2
DA:69,2
DA:69,2
DA:70,2
DA:70,2
DA:70,2
DA:72,2
DA:72,2
DA:74,0
DA:74,0
FN:83,LiquidityAmounts.getAmount0ForLiquidity
FNDA:13,LiquidityAmounts.getAmount0ForLiquidity
DA:88,13
DA:88,13
BRDA:88,6,0,-
BRDA:88,6,1,13
DA:88,0
DA:90,13
DA:90,13
DA:91,13
DA:91,13
DA:91,13
FN:103,LiquidityAmounts.getAmount1ForLiquidity
FNDA:13,LiquidityAmounts.getAmount1ForLiquidity
DA:108,13
DA:108,13
BRDA:108,7,0,-
BRDA:108,7,1,13
DA:108,0
DA:110,13
DA:110,13
DA:110,13
FN:121,LiquidityAmounts.getAmountsForLiquidity
FNDA:13,LiquidityAmounts.getAmountsForLiquidity
DA:127,13
DA:127,13
BRDA:127,8,0,-
BRDA:127,8,1,13
DA:127,0
DA:129,13
DA:129,13
BRDA:129,9,0,-
BRDA:129,9,1,13
DA:130,0
DA:130,0
DA:131,13
DA:131,13
BRDA:131,10,0,13
BRDA:131,10,1,-
DA:132,13
DA:132,13
DA:133,13
DA:133,13
DA:135,0
DA:135,0
FNF:7
FNH:7
LF:26
LH:22
BRF:22
BRH:11
end_of_record
TN:
SF:src/libraries/PoolAddress.sol
FN:20,PoolAddress.getPoolKey
FNDA:56,PoolAddress.getPoolKey
DA:25,56
DA:25,56
BRDA:25,0,0,56
BRDA:25,0,1,56
DA:25,56
DA:26,56
DA:26,56
DA:26,56
FN:33,PoolAddress.computeAddress
FNDA:0,PoolAddress.computeAddress
DA:34,0
DA:34,0
BRDA:34,1,0,-
BRDA:34,1,1,-
DA:35,0
DA:35,0
FNF:2
FNH:1
LF:4
LH:2
BRF:4
BRH:2
end_of_record
TN:
SF:src/libraries/PositionKey.sol
FN:6,PositionKey.compute
FNDA:1,PositionKey.compute
DA:11,1
DA:11,1
DA:11,1
FNF:1
FNH:1
LF:1
LH:1
BRF:0
BRH:0
end_of_record
TN:
SF:src/libraries/SqrtPriceMathPartial.sol
FN:20,SqrtPriceMathPartial.getAmount0Delta
FNDA:0,SqrtPriceMathPartial.getAmount0Delta
DA:26,0
DA:26,0
BRDA:26,0,0,-
BRDA:26,0,1,-
DA:26,0
DA:28,0
DA:28,0
DA:28,0
DA:28,0
DA:29,0
DA:29,0
DA:29,0
DA:31,0
DA:31,0
BRDA:31,1,0,-
BRDA:31,1,1,-
DA:33,0
DA:33,0
DA:34,0
DA:34,0
FN:49,SqrtPriceMathPartial.getAmount1Delta
FNDA:38,SqrtPriceMathPartial.getAmount1Delta
DA:55,38
DA:55,38
BRDA:55,2,0,-
BRDA:55,2,1,38
DA:55,0
DA:57,38
DA:57,38
DA:58,38
DA:58,38
FNF:2
FNH:1
LF:9
LH:3
BRF:6
BRH:1
end_of_record
TN:
SF:src/libraries/TransferHelper.sol
FN:13,TransferHelper.safeTransferFrom
FNDA:13,TransferHelper.safeTransferFrom
DA:19,13
DA:19,13
DA:20,13
DA:20,13
DA:21,13
DA:21,13
BRDA:21,0,0,-
BRDA:21,0,1,13
FN:29,TransferHelper.safeTransfer
FNDA:13,TransferHelper.safeTransfer
DA:34,13
DA:34,13
DA:34,13
DA:35,13
DA:35,13
BRDA:35,1,0,-
BRDA:35,1,1,13
FN:43,TransferHelper.safeApprove
FNDA:0,TransferHelper.safeApprove
DA:48,0
DA:48,0
DA:48,0
DA:49,0
DA:49,0
BRDA:49,2,0,-
BRDA:49,2,1,-
FN:56,TransferHelper.safeTransferETH
FNDA:0,TransferHelper.safeTransferETH
DA:57,0
DA:57,0
DA:57,0
DA:58,0
DA:58,0
BRDA:58,3,0,-
BRDA:58,3,1,-
FNF:4
FNH:2
LF:9
LH:5
BRF:8
BRH:2
end_of_record
TN:
SF:test/IntegrationTestBase.sol
FN:28,IntegrationTestBase._setupBase
FNDA:28,IntegrationTestBase._setupBase
DA:29,28
DA:29,28
DA:29,28
DA:30,28
DA:30,28
DA:32,28
DA:32,28
DA:33,28
DA:33,28
DA:33,28
DA:39,28
DA:39,28
DA:45,28
DA:45,28
DA:53,28
DA:53,28
DA:63,28
DA:63,28
DA:65,28
DA:65,28
DA:66,28
DA:66,28
FN:79,IntegrationTestBase._getInitPoolParams
FNDA:27,IntegrationTestBase._getInitPoolParams
DA:80,27
DA:80,27
DA:80,27
FN:93,IntegrationTestBase._initPool
FNDA:27,IntegrationTestBase._initPool
DA:94,27
DA:94,27
DA:95,27
DA:95,27
FN:98,IntegrationTestBase._writeTokenBalance
FNDA:17,IntegrationTestBase._writeTokenBalance
DA:99,17
DA:99,17
FNF:4
FNH:4
LF:14
LH:14
BRF:0
BRH:0
end_of_record
TN:
SF:test/Mock.t.sol
FN:40,Mock.mockProject
FNDA:196,Mock.mockProject
DA:41,196
DA:41,196
DA:41,196
FN:52,Mock._getProjectVestConfig
FNDA:196,Mock._getProjectVestConfig
DA:53,196
DA:53,196
DA:54,196
DA:54,196
DA:60,196
DA:60,196
DA:66,196
DA:66,196
FN:74,Mock._getLinearVesting
FNDA:615,Mock._getLinearVesting
DA:75,615
DA:75,615
DA:76,615
DA:76,615
DA:81,615
DA:81,615
FNF:3
FNH:3
LF:8
LH:8
BRF:0
BRH:0
end_of_record
