TN:
SF:script/Common.s.sol
FN:17,CommonScript.toHexString
FNDA:0,CommonScript.toHexString
DA:18,0
DA:18,0
DA:19,0
DA:19,0
DA:19,0
DA:20,0
DA:20,0
DA:21,0
DA:21,0
DA:22,0
DA:22,0
DA:22,0
DA:22,0
DA:22,0
DA:22,0
DA:23,0
DA:23,0
DA:24,0
DA:24,0
DA:26,0
DA:26,0
DA:26,0
FN:33,CommonScript.toHexString
FNDA:0,CommonScript.toHexString
DA:34,0
DA:34,0
DA:34,0
FN:37,CommonScript.getILOManagerDeploymentAddress
FNDA:0,CommonScript.getILOManagerDeploymentAddress
DA:38,0
DA:38,0
DA:38,0
FN:49,CommonScript.getILOPoolDeploymentAddress
FNDA:0,CommonScript.getILOPoolDeploymentAddress
DA:50,0
DA:50,0
DA:50,0
FNF:4
FNH:0
LF:11
LH:0
BRF:0
BRH:0
end_of_record
TN:
SF:script/ILOManager.s.sol
FN:7,ILOManagerScript.run
FNDA:0,ILOManagerScript.run
DA:8,0
DA:8,0
DA:8,0
DA:9,0
DA:9,0
DA:11,0
DA:11,0
DA:11,0
DA:15,0
DA:15,0
FNF:1
FNH:0
LF:4
LH:0
BRF:0
BRH:0
end_of_record
TN:
SF:script/ILOPool.s.sol
FN:7,ILOPoolScript.run
FNDA:0,ILOPoolScript.run
DA:8,0
DA:8,0
DA:8,0
DA:9,0
DA:9,0
DA:11,0
DA:11,0
DA:11,0
DA:15,0
DA:15,0
FNF:1
FNH:0
LF:4
LH:0
BRF:0
BRH:0
end_of_record
TN:
SF:script/Init.s.sol
FN:8,ILOManagerInitializeScript.run
FNDA:0,ILOManagerInitializeScript.run
DA:9,0
DA:9,0
DA:9,0
DA:10,0
DA:10,0
DA:10,0
DA:12,0
DA:12,0
DA:12,0
DA:13,0
DA:13,0
DA:13,0
DA:14,0
DA:14,0
DA:14,0
DA:15,0
DA:15,0
DA:15,0
DA:17,0
DA:17,0
DA:18,0
DA:18,0
DA:18,0
DA:19,0
DA:19,0
DA:21,0
DA:21,0
FNF:1
FNH:0
LF:10
LH:0
BRF:0
BRH:0
end_of_record
TN:
SF:script/Verify.s.sol
FN:7,VerifyILOManagerScript.run
FNDA:0,VerifyILOManagerScript.run
DA:8,0
DA:8,0
DA:8,0
DA:9,0
DA:9,0
DA:10,0
DA:10,0
DA:11,0
DA:11,0
FN:22,VerifyILOPoolScript.run
FNDA:0,VerifyILOPoolScript.run
DA:23,0
DA:23,0
DA:23,0
DA:24,0
DA:24,0
DA:25,0
DA:25,0
DA:26,0
DA:26,0
FNF:2
FNH:0
LF:8
LH:0
BRF:0
BRH:0
end_of_record
TN:
SF:src/ILOManager.sol
FN:33,ILOManager.initialize
FNDA:26,ILOManager.initialize
DA:42,26
DA:42,26
DA:43,26
DA:43,26
DA:44,26
DA:44,26
DA:45,26
DA:45,26
DA:46,26
DA:46,26
DA:47,26
DA:47,26
DA:48,26
DA:48,26
FN:57,ILOManager.initProject
FNDA:26,ILOManager.initProject
DA:58,26
DA:58,26
DA:59,26
DA:59,26
DA:59,26
DA:61,26
DA:61,26
DA:61,26
DA:62,26
DA:62,26
DA:64,26
DA:64,26
DA:65,26
DA:65,26
FN:68,ILOManager.project
FNDA:42,ILOManager.project
DA:69,42
DA:69,42
FN:73,ILOManager.initILOPool
FNDA:26,ILOManager.initILOPool
DA:74,25
DA:74,25
BRDA:74,0,0,-
BRDA:74,0,1,25
DA:77,25
DA:77,25
DA:78,25
DA:78,25
BRDA:78,1,0,-
BRDA:78,1,1,25
DA:79,25
DA:79,25
BRDA:79,2,0,2
BRDA:79,2,1,23
DA:80,23
DA:80,23
DA:82,20
DA:82,20
DA:82,20
DA:87,20
DA:87,20
DA:88,20
DA:88,20
DA:89,20
DA:89,20
DA:90,20
DA:90,20
FN:93,ILOManager._initUniV3PoolIfNecessary
FNDA:26,ILOManager._initUniV3PoolIfNecessary
DA:94,26
DA:94,26
DA:95,26
DA:95,26
DA:95,26
BRDA:95,3,0,-
BRDA:95,3,1,26
DA:96,26
DA:96,26
DA:97,26
DA:97,26
DA:99,0
DA:99,0
DA:99,0
DA:100,0
DA:100,0
BRDA:100,4,0,-
BRDA:100,4,1,-
DA:101,0
DA:101,0
DA:102,0
DA:102,0
BRDA:102,5,0,-
BRDA:102,5,1,-
DA:103,0
DA:103,0
FN:108,ILOManager._cacheProject
FNDA:26,ILOManager._cacheProject
DA:119,26
DA:119,26
DA:120,26
DA:120,26
BRDA:120,6,0,-
BRDA:120,6,1,26
DA:122,26
DA:122,26
DA:123,26
DA:123,26
DA:123,104
DA:123,78
DA:124,78
DA:124,78
DA:127,26
DA:127,26
DA:128,26
DA:128,26
DA:129,26
DA:129,26
DA:130,26
DA:130,26
DA:131,26
DA:131,26
DA:132,26
DA:132,26
DA:133,26
DA:133,26
DA:134,26
DA:134,26
DA:135,26
DA:135,26
DA:136,26
DA:136,26
DA:137,26
DA:137,26
DA:138,26
DA:138,26
FN:141,ILOManager._validateSharesAndVests
FNDA:26,ILOManager._validateSharesAndVests
DA:142,26
DA:142,26
BRDA:142,7,0,-
BRDA:142,7,1,26
DA:143,26
DA:143,26
DA:144,26
DA:144,26
DA:145,26
DA:145,26
DA:145,104
DA:145,78
DA:147,78
DA:147,78
BRDA:147,8,0,-
BRDA:147,8,1,78
DA:148,78
DA:148,78
DA:149,78
DA:149,78
DA:152,26
DA:152,26
BRDA:152,9,0,-
BRDA:152,9,1,26
FN:155,ILOManager._validateVestSchedule
FNDA:101,ILOManager._validateVestSchedule
DA:156,101
DA:156,101
BRDA:156,10,0,-
BRDA:156,10,1,101
DA:157,101
DA:157,101
BRDA:157,11,0,1
BRDA:157,11,1,100
DA:158,100
DA:158,100
DA:159,100
DA:159,100
DA:160,100
DA:160,100
DA:161,100
DA:161,100
DA:161,299
DA:161,199
DA:163,200
DA:163,200
BRDA:163,12,0,1
BRDA:163,12,1,199
DA:164,199
DA:164,199
DA:166,199
DA:166,199
BRDA:166,13,0,-
BRDA:166,13,1,199
DA:167,199
DA:167,199
DA:170,99
DA:170,99
BRDA:170,14,0,1
BRDA:170,14,1,98
FN:174,ILOManager.setPlatformFee
FNDA:0,ILOManager.setPlatformFee
DA:175,0
DA:175,0
FN:179,ILOManager.setPerformanceFee
FNDA:0,ILOManager.setPerformanceFee
DA:180,0
DA:180,0
FN:184,ILOManager.setFeeTaker
FNDA:0,ILOManager.setFeeTaker
DA:185,0
DA:185,0
FN:188,ILOManager.feeTaker
FNDA:1,ILOManager.feeTaker
DA:189,1
DA:189,1
FN:193,ILOManager.setILOPoolImplementation
FNDA:0,ILOManager.setILOPoolImplementation
DA:194,0
DA:194,0
DA:195,0
DA:195,0
FN:199,ILOManager.transferAdminProject
FNDA:0,ILOManager.transferAdminProject
DA:200,0
DA:200,0
DA:201,0
DA:201,0
BRDA:201,15,0,-
BRDA:201,15,1,-
DA:202,0
DA:202,0
DA:203,0
DA:203,0
FN:207,ILOManager.setDefaultDeadlineOffset
FNDA:0,ILOManager.setDefaultDeadlineOffset
DA:208,0
DA:208,0
DA:209,0
DA:209,0
FN:212,ILOManager.setRefundDeadlineForProject
FNDA:0,ILOManager.setRefundDeadlineForProject
DA:213,0
DA:213,0
DA:214,0
DA:214,0
DA:215,0
DA:215,0
FN:219,ILOManager.launch
FNDA:2,ILOManager.launch
DA:220,2
DA:220,2
BRDA:220,16,0,1
BRDA:220,16,1,1
DA:221,1
DA:221,1
DA:222,1
DA:222,1
BRDA:222,17,0,-
BRDA:222,17,1,1
DA:223,1
DA:223,1
DA:223,1
DA:223,0
DA:224,1
DA:224,1
DA:227,0
DA:227,0
FN:231,ILOManager.claimRefund
FNDA:0,ILOManager.claimRefund
DA:232,0
DA:232,0
BRDA:232,18,0,-
BRDA:232,18,1,-
DA:233,0
DA:233,0
DA:234,0
DA:234,0
DA:234,0
DA:234,0
DA:235,0
DA:235,0
FNF:18
FNH:10
LF:94
LH:70
BRF:38
BRH:20
end_of_record
TN:
SF:src/ILOPool.sol
FN:55,ILOPool.name
FNDA:0,ILOPool.name
DA:56,0
DA:56,0
FN:59,ILOPool.symbol
FNDA:0,ILOPool.symbol
DA:60,0
DA:60,0
FN:63,ILOPool.initialize
FNDA:20,ILOPool.initialize
DA:64,20
DA:64,20
DA:66,20
DA:66,20
DA:67,20
DA:67,20
DA:67,20
DA:69,20
DA:69,20
DA:70,20
DA:70,20
DA:71,20
DA:71,20
DA:72,20
DA:72,20
DA:73,20
DA:73,20
DA:74,20
DA:74,20
DA:75,20
DA:75,20
DA:76,20
DA:76,20
DA:77,20
DA:77,20
DA:78,20
DA:78,20
DA:80,20
DA:80,20
BRDA:80,0,0,-
BRDA:80,0,1,20
DA:82,20
DA:82,20
DA:83,20
DA:83,20
DA:84,20
DA:84,20
DA:87,20
DA:87,20
DA:98,20
DA:98,20
DA:99,20
DA:99,20
DA:99,60
DA:99,40
DA:100,40
DA:100,40
DA:103,20
DA:103,20
FN:116,ILOPool.positions
FNDA:1,ILOPool.positions
DA:131,1
DA:131,1
DA:132,1
DA:132,1
FN:145,ILOPool.buy
FNDA:15,ILOPool.buy
DA:157,10
DA:157,10
BRDA:157,1,0,-
BRDA:157,1,1,10
DA:158,10
DA:158,10
DA:160,10
DA:160,10
BRDA:160,2,0,-
BRDA:160,2,1,10
DA:164,10
DA:164,10
DA:164,10
BRDA:164,3,0,10
BRDA:164,3,1,-
DA:165,10
DA:165,10
DA:166,10
DA:166,10
DA:168,0
DA:168,0
DA:171,10
DA:171,10
DA:172,10
DA:172,10
BRDA:172,4,0,-
BRDA:172,4,1,10
DA:173,10
DA:173,10
DA:176,10
DA:176,10
BRDA:176,5,0,10
BRDA:176,5,1,-
DA:177,10
DA:177,10
DA:179,0
DA:179,0
DA:182,10
DA:182,10
BRDA:182,6,0,-
BRDA:182,6,1,10
DA:185,10
DA:185,10
DA:188,10
DA:188,10
DA:189,10
DA:189,10
DA:197,10
DA:197,10
DA:200,10
DA:200,10
DA:202,10
DA:202,10
FN:211,ILOPool.claim
FNDA:1,ILOPool.claim
DA:219,1
DA:219,1
BRDA:219,7,0,-
BRDA:219,7,1,1
DA:222,1
DA:222,1
DA:222,1
DA:223,1
DA:223,1
DA:223,1
DA:225,1
DA:225,1
DA:227,1
DA:227,1
DA:228,1
DA:228,1
BRDA:228,8,0,-
BRDA:228,8,1,1
DA:231,1
DA:231,1
DA:234,1
DA:234,1
DA:236,1
DA:236,1
DA:236,1
DA:239,1
DA:239,1
DA:239,1
DA:240,1
DA:240,1
DA:240,1
DA:246,1
DA:246,1
DA:246,1
DA:253,1
DA:253,1
DA:256,1
DA:256,1
DA:257,1
DA:257,1
DA:259,1
DA:259,1
DA:260,1
DA:260,1
DA:263,1
DA:263,1
DA:264,1
DA:264,1
DA:268,1
DA:268,1
DA:268,1
DA:275,1
DA:275,1
DA:278,1
DA:278,1
DA:279,1
DA:279,1
DA:281,1
DA:281,1
DA:283,1
DA:283,1
DA:283,1
DA:285,1
DA:285,1
DA:286,1
DA:286,1
FN:290,ILOPool.burn
FNDA:0,ILOPool.burn
DA:291,0
DA:291,0
DA:292,0
DA:292,0
BRDA:292,9,0,-
BRDA:292,9,1,-
DA:293,0
DA:293,0
DA:294,0
DA:294,0
FN:303,ILOPool.launch
FNDA:7,ILOPool.launch
DA:304,5
DA:304,5
BRDA:304,10,0,-
BRDA:304,10,1,5
DA:306,5
DA:306,5
BRDA:306,11,0,1
BRDA:306,11,1,4
DA:308,4
DA:308,4
BRDA:308,12,0,2
BRDA:308,12,1,2
DA:309,2
DA:309,2
DA:311,2
DA:311,2
DA:312,2
DA:312,2
DA:313,2
DA:313,2
DA:314,2
DA:314,2
DA:315,2
DA:315,2
DA:316,2
DA:316,2
DA:317,2
DA:317,2
DA:318,2
DA:318,2
DA:319,2
DA:319,2
DA:319,2
DA:322,2
DA:322,2
BRDA:322,13,0,2
BRDA:322,13,1,-
DA:323,2
DA:323,2
DA:324,2
DA:324,2
DA:325,2
DA:325,2
DA:327,0
DA:327,0
DA:328,0
DA:328,0
DA:329,0
DA:329,0
DA:333,2
DA:333,2
DA:341,2
DA:341,2
DA:344,2
DA:344,2
DA:344,2
DA:347,2
DA:347,2
DA:348,2
DA:348,2
DA:348,8
DA:348,6
DA:349,6
DA:349,6
DA:350,6
DA:350,6
DA:352,6
DA:352,6
DA:353,6
DA:353,6
DA:353,6
DA:355,6
DA:355,6
DA:356,6
DA:356,6
DA:358,6
DA:358,6
DA:361,6
DA:361,6
DA:362,6
DA:362,6
DA:362,18
DA:362,12
DA:363,12
DA:363,12
DA:366,6
DA:366,6
DA:370,2
DA:370,2
DA:372,2
DA:372,2
FN:388,ILOPool.claimRefund
FNDA:6,ILOPool.claimRefund
DA:389,3
DA:389,3
DA:390,3
DA:390,3
DA:390,3
DA:392,3
DA:392,3
DA:393,3
DA:393,3
DA:394,3
DA:394,3
DA:396,3
DA:396,3
DA:397,3
DA:397,3
FN:401,ILOPool.claimProjectRefund
FNDA:0,ILOPool.claimProjectRefund
DA:402,0
DA:402,0
DA:402,0
FN:405,ILOPool._refundProject
FNDA:2,ILOPool._refundProject
DA:406,2
DA:406,2
DA:407,2
DA:407,2
BRDA:407,14,0,2
BRDA:407,14,1,2
DA:408,2
DA:408,2
DA:409,2
DA:409,2
FN:414,ILOPool.totalSold
FNDA:0,ILOPool.totalSold
DA:415,0
DA:415,0
DA:415,0
FN:420,ILOPool._saleAmountNeeded
FNDA:32,ILOPool._saleAmountNeeded
DA:421,32
DA:421,32
BRDA:421,15,0,-
BRDA:421,15,1,32
DA:421,0
DA:423,32
DA:423,32
BRDA:423,16,0,-
BRDA:423,16,1,32
DA:425,0
DA:425,0
DA:425,0
DA:426,0
DA:426,0
DA:428,32
DA:428,32
DA:428,32
DA:429,32
DA:429,32
FN:434,ILOPool._unlockedLiquidity
FNDA:1,ILOPool._unlockedLiquidity
DA:435,1
DA:435,1
DA:436,1
DA:436,1
DA:437,1
DA:437,1
DA:439,1
DA:439,1
DA:439,2
DA:439,1
DA:441,2
DA:441,2
DA:444,2
DA:444,2
BRDA:444,17,0,1
BRDA:444,17,1,1
DA:445,1
DA:445,1
DA:451,1
DA:451,1
BRDA:451,18,0,-
BRDA:451,18,1,1
DA:452,0
DA:452,0
DA:458,1
DA:458,1
FN:468,ILOPool._assignVestingSchedule
FNDA:10,ILOPool._assignVestingSchedule
DA:469,10
DA:469,10
FN:474,ILOPool._updateVestingLiquidity
FNDA:16,ILOPool._updateVestingLiquidity
DA:475,16
DA:475,16
FN:483,ILOPool._deductFees
FNDA:2,ILOPool._deductFees
DA:488,2
DA:488,2
DA:489,2
DA:489,2
FN:492,ILOPool.unlockedLiquidity
FNDA:0,ILOPool.unlockedLiquidity
DA:493,0
DA:493,0
DA:493,0
FN:497,ILOPool.claimableLiquidity
FNDA:0,ILOPool.claimableLiquidity
DA:498,0
DA:498,0
DA:498,0
FN:502,ILOPool.claimedLiquidity
FNDA:0,ILOPool.claimedLiquidity
DA:503,0
DA:503,0
DA:503,0
FN:507,ILOPool._claimableLiquidity
FNDA:1,ILOPool._claimableLiquidity
DA:508,1
DA:508,1
DA:508,1
DA:509,1
DA:509,1
DA:509,1
DA:510,1
DA:510,1
DA:510,1
FNF:21
FNH:13
LF:154
LH:135
BRF:38
BRH:22
end_of_record
TN:
SF:src/base/ILOPoolImmutableState.sol
FN:28,ILOPoolImmutableState._cachePoolKey
FNDA:20,ILOPoolImmutableState._cachePoolKey
DA:29,20
DA:29,20
FN:32,ILOPoolImmutableState._poolKey
FNDA:57,ILOPoolImmutableState._poolKey
DA:33,57
DA:33,57
FN:36,ILOPoolImmutableState._cacheUniV3PoolAddress
FNDA:20,ILOPoolImmutableState._cacheUniV3PoolAddress
DA:37,20
DA:37,20
FN:40,ILOPoolImmutableState._uniV3PoolAddress
FNDA:31,ILOPoolImmutableState._uniV3PoolAddress
DA:41,31
DA:41,31
FNF:4
FNH:4
LF:4
LH:4
BRF:0
BRH:0
end_of_record
TN:
SF:src/base/ILOWhitelist.sol
FN:12,ILOWhitelist.setOpenToAll
FNDA:0,ILOWhitelist.setOpenToAll
DA:13,0
DA:13,0
FN:17,ILOWhitelist.isOpenToAll
FNDA:0,ILOWhitelist.isOpenToAll
DA:18,0
DA:18,0
FN:22,ILOWhitelist.isWhitelisted
FNDA:1,ILOWhitelist.isWhitelisted
DA:23,1
DA:23,1
DA:23,1
FN:27,ILOWhitelist.setWhitelist
FNDA:16,ILOWhitelist.setWhitelist
DA:28,15
DA:28,15
FN:32,ILOWhitelist.removeWhitelist
FNDA:0,ILOWhitelist.removeWhitelist
DA:33,0
DA:33,0
FN:37,ILOWhitelist.batchWhitelist
FNDA:0,ILOWhitelist.batchWhitelist
DA:38,0
DA:38,0
DA:38,0
DA:38,0
DA:39,0
DA:39,0
FN:44,ILOWhitelist.batchRemoveWhitelist
FNDA:0,ILOWhitelist.batchRemoveWhitelist
DA:45,0
DA:45,0
DA:45,0
DA:45,0
DA:46,0
DA:46,0
FN:52,ILOWhitelist._setOpenToAll
FNDA:0,ILOWhitelist._setOpenToAll
DA:53,0
DA:53,0
DA:54,0
DA:54,0
FN:57,ILOWhitelist._removeWhitelist
FNDA:0,ILOWhitelist._removeWhitelist
DA:58,0
DA:58,0
DA:59,0
DA:59,0
FN:62,ILOWhitelist._setWhitelist
FNDA:15,ILOWhitelist._setWhitelist
DA:63,15
DA:63,15
DA:64,15
DA:64,15
FNF:10
FNH:3
LF:15
LH:4
BRF:0
BRH:0
end_of_record
TN:
SF:src/base/Initializable.sol
FN:7,Initializable._disableInitialize
FNDA:0,Initializable._disableInitialize
DA:8,0
DA:8,0
FNF:1
FNH:0
LF:1
LH:0
BRF:0
BRH:0
end_of_record
TN:
SF:src/base/LiquidityManagement.sol
FN:21,LiquidityManagement.uniswapV3MintCallback
FNDA:2,LiquidityManagement.uniswapV3MintCallback
DA:26,2
DA:26,2
BRDA:26,0,0,-
BRDA:26,0,1,2
DA:28,2
DA:28,2
BRDA:28,1,0,2
BRDA:28,1,1,2
DA:28,2
DA:29,2
DA:29,2
BRDA:29,2,0,2
BRDA:29,2,1,2
DA:29,2
FN:41,LiquidityManagement.addLiquidity
FNDA:2,LiquidityManagement.addLiquidity
DA:51,2
DA:51,2
DA:60,2
DA:60,2
DA:68,2
DA:68,2
BRDA:68,3,0,-
BRDA:68,3,1,2
FNF:2
FNH:2
LF:6
LH:6
BRF:8
BRH:6
end_of_record
TN:
SF:src/base/Multicall.sol
FN:11,Multicall.multicall
FNDA:0,Multicall.multicall
DA:12,0
DA:12,0
DA:13,0
DA:13,0
DA:13,0
DA:13,0
DA:14,0
DA:14,0
DA:14,0
DA:16,0
DA:16,0
BRDA:16,0,0,-
BRDA:16,0,1,-
DA:18,0
DA:18,0
BRDA:18,1,0,-
BRDA:18,1,1,-
DA:18,0
DA:20,0
DA:20,0
DA:22,0
DA:22,0
DA:25,0
DA:25,0
FNF:1
FNH:0
LF:8
LH:0
BRF:4
BRH:0
end_of_record
TN:
SF:src/base/PeripheryPayments.sol
FN:19,PeripheryPayments.unwrapWETH9
FNDA:0,PeripheryPayments.unwrapWETH9
DA:20,0
DA:20,0
DA:20,0
DA:21,0
DA:21,0
BRDA:21,0,0,-
BRDA:21,0,1,-
DA:23,0
DA:23,0
BRDA:23,1,0,-
BRDA:23,1,1,-
DA:24,0
DA:24,0
DA:25,0
DA:25,0
FN:30,PeripheryPayments.sweepToken
FNDA:0,PeripheryPayments.sweepToken
DA:35,0
DA:35,0
DA:35,0
DA:36,0
DA:36,0
BRDA:36,2,0,-
BRDA:36,2,1,-
DA:38,0
DA:38,0
BRDA:38,3,0,-
BRDA:38,3,1,-
DA:39,0
DA:39,0
FN:44,PeripheryPayments.refundETH
FNDA:0,PeripheryPayments.refundETH
DA:45,0
DA:45,0
BRDA:45,4,0,-
BRDA:45,4,1,-
DA:45,0
FN:52,PeripheryPayments.pay
FNDA:4,PeripheryPayments.pay
DA:58,4
DA:58,4
DA:58,4
DA:58,0
BRDA:58,5,0,-
BRDA:58,5,1,-
DA:60,0
DA:60,0
DA:61,0
DA:61,0
DA:62,4
DA:62,4
DA:62,4
BRDA:62,6,0,4
BRDA:62,6,1,-
DA:64,4
DA:64,4
DA:67,0
DA:67,0
FNF:4
FNH:1
LF:16
LH:3
BRF:14
BRH:1
end_of_record
TN:
SF:src/base/PeripheryPaymentsWithFee.sol
FN:17,PeripheryPaymentsWithFee.unwrapWETH9WithFee
FNDA:0,PeripheryPaymentsWithFee.unwrapWETH9WithFee
DA:23,0
DA:23,0
BRDA:23,0,0,-
BRDA:23,0,1,-
DA:25,0
DA:25,0
DA:25,0
DA:26,0
DA:26,0
BRDA:26,1,0,-
BRDA:26,1,1,-
DA:28,0
DA:28,0
BRDA:28,2,0,-
BRDA:28,2,1,-
DA:29,0
DA:29,0
DA:30,0
DA:30,0
DA:30,0
DA:30,0
DA:31,0
DA:31,0
BRDA:31,3,0,-
BRDA:31,3,1,-
DA:31,0
DA:32,0
DA:32,0
FN:37,PeripheryPaymentsWithFee.sweepTokenWithFee
FNDA:0,PeripheryPaymentsWithFee.sweepTokenWithFee
DA:44,0
DA:44,0
BRDA:44,4,0,-
BRDA:44,4,1,-
DA:46,0
DA:46,0
DA:46,0
DA:47,0
DA:47,0
BRDA:47,5,0,-
BRDA:47,5,1,-
DA:49,0
DA:49,0
BRDA:49,6,0,-
BRDA:49,6,1,-
DA:50,0
DA:50,0
DA:50,0
DA:50,0
DA:51,0
DA:51,0
BRDA:51,7,0,-
BRDA:51,7,1,-
DA:51,0
DA:52,0
DA:52,0
FNF:2
FNH:0
LF:15
LH:0
BRF:16
BRH:0
end_of_record
TN:
SF:src/libraries/ChainId.sol
FN:8,ChainId.get
FNDA:20,ChainId.get
DA:10,20
DA:10,20
FNF:1
FNH:1
LF:1
LH:1
BRF:0
BRH:0
end_of_record
TN:
SF:src/libraries/LiquidityAmounts.sol
FN:14,LiquidityAmounts.toUint128
FNDA:46,LiquidityAmounts.toUint128
DA:15,46
DA:15,46
BRDA:15,0,0,-
BRDA:15,0,1,46
FN:24,LiquidityAmounts.getLiquidityForAmount0
FNDA:44,LiquidityAmounts.getLiquidityForAmount0
DA:29,44
DA:29,44
BRDA:29,1,0,-
BRDA:29,1,1,44
DA:29,0
DA:30,44
DA:30,44
DA:30,44
DA:31,44
DA:31,44
DA:31,44
FN:40,LiquidityAmounts.getLiquidityForAmount1
FNDA:2,LiquidityAmounts.getLiquidityForAmount1
DA:45,2
DA:45,2
BRDA:45,2,0,-
BRDA:45,2,1,2
DA:45,0
DA:46,2
DA:46,2
DA:46,2
FN:57,LiquidityAmounts.getLiquidityForAmounts
FNDA:2,LiquidityAmounts.getLiquidityForAmounts
DA:64,2
DA:64,2
BRDA:64,3,0,-
BRDA:64,3,1,2
DA:64,0
DA:66,2
DA:66,2
BRDA:66,4,0,-
BRDA:66,4,1,2
DA:67,0
DA:67,0
DA:68,2
DA:68,2
BRDA:68,5,0,2
BRDA:68,5,1,-
DA:69,2
DA:69,2
DA:69,2
DA:70,2
DA:70,2
DA:70,2
DA:72,2
DA:72,2
DA:74,0
DA:74,0
FN:83,LiquidityAmounts.getAmount0ForLiquidity
FNDA:10,LiquidityAmounts.getAmount0ForLiquidity
DA:88,10
DA:88,10
BRDA:88,6,0,-
BRDA:88,6,1,10
DA:88,0
DA:90,10
DA:90,10
DA:91,10
DA:91,10
DA:91,10
FN:103,LiquidityAmounts.getAmount1ForLiquidity
FNDA:10,LiquidityAmounts.getAmount1ForLiquidity
DA:108,10
DA:108,10
BRDA:108,7,0,-
BRDA:108,7,1,10
DA:108,0
DA:110,10
DA:110,10
DA:110,10
FN:121,LiquidityAmounts.getAmountsForLiquidity
FNDA:10,LiquidityAmounts.getAmountsForLiquidity
DA:127,10
DA:127,10
BRDA:127,8,0,-
BRDA:127,8,1,10
DA:127,0
DA:129,10
DA:129,10
BRDA:129,9,0,-
BRDA:129,9,1,10
DA:130,0
DA:130,0
DA:131,10
DA:131,10
BRDA:131,10,0,10
BRDA:131,10,1,-
DA:132,10
DA:132,10
DA:133,10
DA:133,10
DA:135,0
DA:135,0
FNF:7
FNH:7
LF:26
LH:22
BRF:22
BRH:11
end_of_record
TN:
SF:src/libraries/PoolAddress.sol
FN:20,PoolAddress.getPoolKey
FNDA:52,PoolAddress.getPoolKey
DA:25,52
DA:25,52
BRDA:25,0,0,52
BRDA:25,0,1,52
DA:25,52
DA:26,52
DA:26,52
DA:26,52
FN:33,PoolAddress.computeAddress
FNDA:0,PoolAddress.computeAddress
DA:34,0
DA:34,0
BRDA:34,1,0,-
BRDA:34,1,1,-
DA:35,0
DA:35,0
FNF:2
FNH:1
LF:4
LH:2
BRF:4
BRH:2
end_of_record
TN:
SF:src/libraries/PositionKey.sol
FN:6,PositionKey.compute
FNDA:1,PositionKey.compute
DA:11,1
DA:11,1
DA:11,1
FNF:1
FNH:1
LF:1
LH:1
BRF:0
BRH:0
end_of_record
TN:
SF:src/libraries/SqrtPriceMathPartial.sol
FN:20,SqrtPriceMathPartial.getAmount0Delta
FNDA:0,SqrtPriceMathPartial.getAmount0Delta
DA:26,0
DA:26,0
BRDA:26,0,0,-
BRDA:26,0,1,-
DA:26,0
DA:28,0
DA:28,0
DA:28,0
DA:28,0
DA:29,0
DA:29,0
DA:29,0
DA:31,0
DA:31,0
BRDA:31,1,0,-
BRDA:31,1,1,-
DA:33,0
DA:33,0
DA:34,0
DA:34,0
FN:49,SqrtPriceMathPartial.getAmount1Delta
FNDA:32,SqrtPriceMathPartial.getAmount1Delta
DA:55,32
DA:55,32
BRDA:55,2,0,-
BRDA:55,2,1,32
DA:55,0
DA:57,32
DA:57,32
DA:58,32
DA:58,32
FNF:2
FNH:1
LF:9
LH:3
BRF:6
BRH:1
end_of_record
TN:
SF:src/libraries/TransferHelper.sol
FN:13,TransferHelper.safeTransferFrom
FNDA:10,TransferHelper.safeTransferFrom
DA:19,10
DA:19,10
DA:20,10
DA:20,10
DA:21,10
DA:21,10
BRDA:21,0,0,-
BRDA:21,0,1,10
FN:29,TransferHelper.safeTransfer
FNDA:13,TransferHelper.safeTransfer
DA:34,13
DA:34,13
DA:34,13
DA:35,13
DA:35,13
BRDA:35,1,0,-
BRDA:35,1,1,13
FN:43,TransferHelper.safeApprove
FNDA:0,TransferHelper.safeApprove
DA:48,0
DA:48,0
DA:48,0
DA:49,0
DA:49,0
BRDA:49,2,0,-
BRDA:49,2,1,-
FN:56,TransferHelper.safeTransferETH
FNDA:0,TransferHelper.safeTransferETH
DA:57,0
DA:57,0
DA:57,0
DA:58,0
DA:58,0
BRDA:58,3,0,-
BRDA:58,3,1,-
FNF:4
FNH:2
LF:9
LH:5
BRF:8
BRH:2
end_of_record
TN:
SF:test/IntegrationTestBase.sol
FN:28,IntegrationTestBase._setupBase
FNDA:26,IntegrationTestBase._setupBase
DA:29,26
DA:29,26
DA:29,26
DA:30,26
DA:30,26
DA:32,26
DA:32,26
DA:33,26
DA:33,26
DA:33,26
DA:39,26
DA:39,26
DA:45,26
DA:45,26
DA:53,26
DA:53,26
DA:63,26
DA:63,26
DA:65,26
DA:65,26
DA:66,26
DA:66,26
FN:79,IntegrationTestBase._getInitPoolParams
FNDA:26,IntegrationTestBase._getInitPoolParams
DA:80,26
DA:80,26
DA:80,26
FN:93,IntegrationTestBase._initPool
FNDA:26,IntegrationTestBase._initPool
DA:94,26
DA:94,26
DA:95,26
DA:95,26
FN:98,IntegrationTestBase._writeTokenBalance
FNDA:15,IntegrationTestBase._writeTokenBalance
DA:99,15
DA:99,15
FNF:4
FNH:4
LF:14
LH:14
BRF:0
BRH:0
end_of_record
TN:
SF:test/Mock.t.sol
FN:40,Mock.mockProject
FNDA:182,Mock.mockProject
DA:41,182
DA:41,182
DA:41,182
FN:52,Mock._getProjectVestConfig
FNDA:182,Mock._getProjectVestConfig
DA:53,182
DA:53,182
DA:54,182
DA:54,182
DA:60,182
DA:60,182
DA:66,182
DA:66,182
FN:74,Mock._getLinearVesting
FNDA:572,Mock._getLinearVesting
DA:75,572
DA:75,572
DA:76,572
DA:76,572
DA:81,572
DA:81,572
FNF:3
FNH:3
LF:8
LH:8
BRF:0
BRH:0
end_of_record
